<?xml version="1.0" encoding="UTF-8"?>
<testsuite xmlns:xsi="http://www.w3.org/2001/XMLSchema-instance" xsi:noNamespaceSchemaLocation="https://maven.apache.org/surefire/maven-surefire-plugin/xsd/surefire-test-report-3.0.xsd" version="3.0" name="Search" time="20.345" tests="3" errors="0" skipped="0" failures="0">
  <properties>
[...]
</properties>
  <testcase name="Google title verification after search #1" classname="Search" time="12.649">
    <system-out><![CDATA[--> Before annotation: Setting up the browser
======>Before Step: Taking ScreenShot<======
======>After Step: Taking ScreenShot<======
======>Before Step: Taking ScreenShot<======
======>After Step: Taking ScreenShot<======
======>Before Step: Taking ScreenShot<======
======>After Step: Taking ScreenShot<======
]]></system-out>
    <system-err><![CDATA[SLF4J: Failed to load class "org.slf4j.impl.StaticLoggerBinder".
SLF4J: Defaulting to no-operation (NOP) logger implementation
SLF4J: See http://www.slf4j.org/codes.html#StaticLoggerBinder for further details.
Starting ChromeDriver 84.0.4147.30 (48b3e868b4cc0aa7e8149519690b6f6949e110a8-refs/branch-heads/4147@{#310}) on port 45742
Only local connections are allowed.
Please see https://chromedriver.chromium.org/security-considerations for suggestions on keeping ChromeDriver safe.
ChromeDriver was started successfully.
Jul 19, 2020 1:12:50 PM org.openqa.selenium.remote.ProtocolHandshake createSession
INFO: Detected dialect: W3C
]]></system-err>
  </testcase>
  <testcase name="Google title verification after search #2" classname="Search" time="3.688">
    <system-out><![CDATA[--> Before annotation: Setting up the browser
======>Before Step: Taking ScreenShot<======
======>After Step: Taking ScreenShot<======
======>Before Step: Taking ScreenShot<======
======>After Step: Taking ScreenShot<======
======>Before Step: Taking ScreenShot<======
======>After Step: Taking ScreenShot<======
]]></system-out>
  </testcase>
  <testcase name="Google title verification after search #3" classname="Search" time="4.008">
    <system-out><![CDATA[--> Before annotation: Setting up the browser
======>Before Step: Taking ScreenShot<======
======>After Step: Taking ScreenShot<======
======>Before Step: Taking ScreenShot<======
======>After Step: Taking ScreenShot<======
======>Before Step: Taking ScreenShot<======
======>After Step: Taking ScreenShot<======
]]></system-out>
  </testcase>
</testsuite>